<?xml version="1.0" encoding="UTF-8"?>
<!-- Generated by org.testng.reporters.JUnitReportReporter -->
<testsuite hostname="SHESADAS-3MV9K" name="conferences.RecMeeting" tests="1" failures="0" timestamp="18 May 2016 09:08:02 GMT" time="34.858" errors="0">
  <testcase name="open" time="34.858" classname="conferences.RecMeeting"/>
</testsuite> <!-- conferences.RecMeeting -->
