<?xml version="1.0" encoding="UTF-8"?>
<!-- Generated by org.testng.reporters.JUnitReportReporter -->
<testsuite hostname="SHESADAS-3MV9K" name="conferences.AllRecTypes" tests="1" failures="0" timestamp="18 May 2016 09:08:02 GMT" time="72.260" errors="0">
  <testcase name="open" time="72.260" classname="conferences.AllRecTypes"/>
</testsuite> <!-- conferences.AllRecTypes -->
